<?xml version="1.0" encoding="UTF-8"?>
<!-- Generated by org.testng.reporters.JUnitXMLReporter -->
<testsuite ignored="0" hostname="TLKURSSRSUPUN" failures="0" tests="3" name="Surefire test" time="27.302" errors="0" timestamp="2024-02-01T14:24:10 IST">
  <testcase classname="com.store.testcases.HomePageTest" name="homePageVerify" time="0.075"/>
  <testcase classname="com.store.testcases.HomePageTest" name="login" time="5.749"/>
  <testcase classname="com.store.testcases.IndexPageTest" name="login" time="2.385"/>
</testsuite> <!-- Surefire test -->
