<?xml version="1.0" encoding="UTF-8"?>
<testng-results ignored="0" total="3" passed="3" failed="0" skipped="0">
  <reporter-output>
  </reporter-output>
  <suite started-at="2024-02-01T14:23:42 IST" name="Surefire suite" finished-at="2024-02-01T14:24:10 IST" duration-ms="27302">
    <groups>
    </groups>
    <test started-at="2024-02-01T14:23:42 IST" name="Surefire test" finished-at="2024-02-01T14:24:10 IST" duration-ms="27302">
      <class name="com.store.testcases.IndexPageTest">
        <test-method is-config="true" signature="loadConfig()[pri:0, instance:com.store.testcases.IndexPageTest@74751b3]" started-at="2024-02-01T14:24:02 IST" name="loadConfig" finished-at="2024-02-01T14:24:02 IST" duration-ms="2" status="PASS">
          <reporter-output>
          </reporter-output>
        </test-method> <!-- loadConfig -->
        <test-method is-config="true" signature="setup()[pri:0, instance:com.store.testcases.IndexPageTest@74751b3]" started-at="2024-02-01T14:24:02 IST" name="setup" finished-at="2024-02-01T14:24:07 IST" duration-ms="5579" status="PASS">
          <reporter-output>
          </reporter-output>
        </test-method> <!-- setup -->
        <test-method signature="login()[pri:0, instance:com.store.testcases.IndexPageTest@74751b3]" started-at="2024-02-01T14:24:07 IST" name="login" finished-at="2024-02-01T14:24:10 IST" duration-ms="2385" status="PASS">
          <reporter-output>
          </reporter-output>
        </test-method> <!-- login -->
        <test-method is-config="true" signature="tearDown()[pri:0, instance:com.store.testcases.IndexPageTest@74751b3]" started-at="2024-02-01T14:24:10 IST" name="tearDown" finished-at="2024-02-01T14:24:10 IST" duration-ms="178" status="PASS">
          <reporter-output>
          </reporter-output>
        </test-method> <!-- tearDown -->
      </class> <!-- com.store.testcases.IndexPageTest -->
      <class name="com.store.testcases.HomePageTest">
        <test-method is-config="true" signature="loadConfig()[pri:0, instance:com.store.testcases.HomePageTest@a2431d0]" started-at="2024-02-01T14:23:42 IST" name="loadConfig" finished-at="2024-02-01T14:23:42 IST" duration-ms="25" status="PASS">
          <reporter-output>
          </reporter-output>
        </test-method> <!-- loadConfig -->
        <test-method is-config="true" signature="setup()[pri:0, instance:com.store.testcases.HomePageTest@a2431d0]" started-at="2024-02-01T14:23:42 IST" name="setup" finished-at="2024-02-01T14:23:50 IST" duration-ms="7692" status="PASS">
          <reporter-output>
          </reporter-output>
        </test-method> <!-- setup -->
        <test-method signature="homePageVerify()[pri:0, instance:com.store.testcases.HomePageTest@a2431d0]" started-at="2024-02-01T14:23:50 IST" name="homePageVerify" finished-at="2024-02-01T14:23:50 IST" duration-ms="75" status="PASS">
          <reporter-output>
          </reporter-output>
        </test-method> <!-- homePageVerify -->
        <test-method is-config="true" signature="tearDown()[pri:0, instance:com.store.testcases.HomePageTest@a2431d0]" started-at="2024-02-01T14:23:50 IST" name="tearDown" finished-at="2024-02-01T14:23:50 IST" duration-ms="205" status="PASS">
          <reporter-output>
          </reporter-output>
        </test-method> <!-- tearDown -->
        <test-method is-config="true" signature="loadConfig()[pri:0, instance:com.store.testcases.HomePageTest@a2431d0]" started-at="2024-02-01T14:23:50 IST" name="loadConfig" finished-at="2024-02-01T14:23:50 IST" duration-ms="2" status="PASS">
          <reporter-output>
          </reporter-output>
        </test-method> <!-- loadConfig -->
        <test-method is-config="true" signature="setup()[pri:0, instance:com.store.testcases.HomePageTest@a2431d0]" started-at="2024-02-01T14:23:50 IST" name="setup" finished-at="2024-02-01T14:23:56 IST" duration-ms="5111" status="PASS">
          <reporter-output>
          </reporter-output>
        </test-method> <!-- setup -->
        <test-method signature="login()[pri:0, instance:com.store.testcases.HomePageTest@a2431d0]" started-at="2024-02-01T14:23:56 IST" name="login" finished-at="2024-02-01T14:24:01 IST" duration-ms="5749" status="PASS">
          <reporter-output>
          </reporter-output>
        </test-method> <!-- login -->
        <test-method is-config="true" signature="tearDown()[pri:0, instance:com.store.testcases.HomePageTest@a2431d0]" started-at="2024-02-01T14:24:01 IST" name="tearDown" finished-at="2024-02-01T14:24:02 IST" duration-ms="197" status="PASS">
          <reporter-output>
          </reporter-output>
        </test-method> <!-- tearDown -->
      </class> <!-- com.store.testcases.HomePageTest -->
    </test> <!-- Surefire test -->
  </suite> <!-- Surefire suite -->
</testng-results>
