<?xml version="1.0" encoding="UTF-8"?>
<testsuite xmlns:xsi="http://www.w3.org/2001/XMLSchema-instance" xsi:noNamespaceSchemaLocation="https://maven.apache.org/surefire/maven-surefire-plugin/xsd/surefire-test-report-3.0.xsd" version="3.0" name="TestSuite" time="28.394" tests="3" errors="0" skipped="0" failures="0">
  <properties>
[...]
</properties>
  <testcase name="homePageVerify" classname="com.store.testcases.HomePageTest" time="0.077">
    <system-out><![CDATA[super constructor invoked
driver: null
----Starting method verifyDetails-----
Did not verify details successfully
----Ending method verifyDetails-----
]]></system-out>
    <system-err><![CDATA[SLF4J: Failed to load class "org.slf4j.impl.StaticLoggerBinder".
SLF4J: Defaulting to no-operation (NOP) logger implementation
SLF4J: See http://www.slf4j.org/codes.html#StaticLoggerBinder for further details.
]]></system-err>
  </testcase>
  <testcase name="login" classname="com.store.testcases.HomePageTest" time="5.748">
    <system-out><![CDATA[super constructor invoked
driver: ChromeDriver: chrome on windows (null)
Starting method logIn
log in pass
Ending method logIn
]]></system-out>
  </testcase>
  <testcase name="login" classname="com.store.testcases.IndexPageTest" time="2.384">
    <system-out><![CDATA[super constructor invoked
driver: ChromeDriver: chrome on windows (null)
Starting method logIn
log in pass
Ending method logIn
]]></system-out>
  </testcase>
</testsuite>