<?xml version="1.0" encoding="UTF-8"?>
<testng-results ignored="0" total="2" passed="2" failed="0" skipped="0">
  <reporter-output>
  </reporter-output>
  <suite started-at="2024-02-01T21:16:24 IST" name="loan_department" finished-at="2024-02-01T21:16:48 IST" duration-ms="23347">
    <groups>
    </groups>
    <test started-at="2024-02-01T21:16:24 IST" name="Personal_loan" finished-at="2024-02-01T21:16:48 IST" duration-ms="23347">
      <class name="com.store.testcases.IndexPageTest">
        <test-method is-config="true" signature="loadConfig()[pri:0, instance:com.store.testcases.IndexPageTest@242b836]" started-at="2024-02-01T21:16:39 IST" name="loadConfig" finished-at="2024-02-01T21:16:39 IST" duration-ms="2" status="PASS">
          <reporter-output>
          </reporter-output>
        </test-method> <!-- loadConfig -->
        <test-method is-config="true" signature="setup()[pri:0, instance:com.store.testcases.IndexPageTest@242b836]" started-at="2024-02-01T21:16:39 IST" name="setup" finished-at="2024-02-01T21:16:45 IST" duration-ms="6251" status="PASS">
          <reporter-output>
          </reporter-output>
        </test-method> <!-- setup -->
        <test-method signature="login()[pri:0, instance:com.store.testcases.IndexPageTest@242b836]" started-at="2024-02-01T21:16:45 IST" name="login" finished-at="2024-02-01T21:16:47 IST" duration-ms="2443" status="PASS">
          <reporter-output>
          </reporter-output>
        </test-method> <!-- login -->
        <test-method is-config="true" signature="tearDown()[pri:0, instance:com.store.testcases.IndexPageTest@242b836]" started-at="2024-02-01T21:16:47 IST" name="tearDown" finished-at="2024-02-01T21:16:48 IST" duration-ms="283" status="PASS">
          <reporter-output>
          </reporter-output>
        </test-method> <!-- tearDown -->
      </class> <!-- com.store.testcases.IndexPageTest -->
      <class name="com.store.testcases.HomePageTest">
        <test-method is-config="true" signature="loadConfig()[pri:0, instance:com.store.testcases.HomePageTest@741a8937]" started-at="2024-02-01T21:16:24 IST" name="loadConfig" finished-at="2024-02-01T21:16:24 IST" duration-ms="6" status="PASS">
          <reporter-output>
          </reporter-output>
        </test-method> <!-- loadConfig -->
        <test-method is-config="true" signature="setup()[pri:0, instance:com.store.testcases.HomePageTest@741a8937]" started-at="2024-02-01T21:16:24 IST" name="setup" finished-at="2024-02-01T21:16:32 IST" duration-ms="8097" status="PASS">
          <reporter-output>
          </reporter-output>
        </test-method> <!-- setup -->
        <test-method signature="login()[pri:1, instance:com.store.testcases.HomePageTest@741a8937]" started-at="2024-02-01T21:16:32 IST" name="login" finished-at="2024-02-01T21:16:38 IST" duration-ms="5954" status="PASS">
          <reporter-output>
          </reporter-output>
        </test-method> <!-- login -->
        <test-method is-config="true" signature="tearDown()[pri:0, instance:com.store.testcases.HomePageTest@741a8937]" started-at="2024-02-01T21:16:38 IST" name="tearDown" finished-at="2024-02-01T21:16:39 IST" duration-ms="244" status="PASS">
          <reporter-output>
          </reporter-output>
        </test-method> <!-- tearDown -->
      </class> <!-- com.store.testcases.HomePageTest -->
    </test> <!-- Personal_loan -->
  </suite> <!-- loan_department -->
</testng-results>
