<?xml version="1.0" encoding="UTF-8"?>
<testng-results ignored="0" total="1" passed="1" failed="0" skipped="0">
  <reporter-output>
  </reporter-output>
  <suite started-at="2024-02-01T22:20:46 IST" name="Default suite" finished-at="2024-02-01T22:21:00 IST" duration-ms="14357">
    <groups>
    </groups>
    <test started-at="2024-02-01T22:20:46 IST" name="Default test" finished-at="2024-02-01T22:21:00 IST" duration-ms="14357">
      <class name="com.store.testcases.OrderHistoryPageTest">
        <test-method is-config="true" signature="loadConfig()[pri:0, instance:com.store.testcases.OrderHistoryPageTest@5d0a1059]" started-at="2024-02-01T22:20:46 IST" name="loadConfig" finished-at="2024-02-01T22:20:46 IST" duration-ms="7" status="PASS">
          <reporter-output>
          </reporter-output>
        </test-method> <!-- loadConfig -->
        <test-method is-config="true" signature="setup()[pri:0, instance:com.store.testcases.OrderHistoryPageTest@5d0a1059]" started-at="2024-02-01T22:20:46 IST" name="setup" finished-at="2024-02-01T22:20:53 IST" duration-ms="7350" status="PASS">
          <reporter-output>
          </reporter-output>
        </test-method> <!-- setup -->
        <test-method signature="login()[pri:1, instance:com.store.testcases.OrderHistoryPageTest@5d0a1059]" started-at="2024-02-01T22:20:53 IST" name="login" finished-at="2024-02-01T22:21:00 IST" duration-ms="6364" status="PASS">
          <reporter-output>
          </reporter-output>
        </test-method> <!-- login -->
        <test-method is-config="true" signature="tearDown()[pri:0, instance:com.store.testcases.OrderHistoryPageTest@5d0a1059]" started-at="2024-02-01T22:21:00 IST" name="tearDown" finished-at="2024-02-01T22:21:00 IST" duration-ms="583" status="PASS">
          <reporter-output>
          </reporter-output>
        </test-method> <!-- tearDown -->
      </class> <!-- com.store.testcases.OrderHistoryPageTest -->
    </test> <!-- Default test -->
  </suite> <!-- Default suite -->
</testng-results>
